<?xml version="1.0" encoding="UTF-8"?>
<!-- Generated by org.testng.reporters.JUnitReportReporter -->
<testsuite hostname="Nehas-MacBook-Pro.local" failures="0" tests="1" name="SessionManagement.LoginTest" time="5.392" errors="0" timestamp="10 Jul 2024 07:03:07 GMT">
  <testcase classname="SessionManagement.LoginTest" name="validlogin" time="5.392"/>
</testsuite> <!-- SessionManagement.LoginTest -->
